<?xml version="1.0" encoding="UTF-8"?>
<!-- Generated by org.testng.reporters.JUnitReportReporter -->
<testsuite skipped="0" hostname="BDC6-DX-J0G2T72" name="com.test.Data_provider" tests="3" failures="0" timestamp="23 Jul 2019 07:04:08 GMT" time="0.025" errors="0">
  <testcase name="setData" time="0.014" classname="com.test.Data_provider"/>
  <testcase name="setData" time="0.006" classname="com.test.Data_provider"/>
  <testcase name="setData" time="0.005" classname="com.test.Data_provider"/>
</testsuite> <!-- com.test.Data_provider -->
