<?xml version="1.0" encoding="UTF-8"?>
<!-- Generated by org.testng.reporters.JUnitReportReporter -->
<testsuite skipped="0" hostname="BDC6-DX-J0G2T72" name="com.test.Assert" tests="1" failures="0" timestamp="23 Jul 2019 07:04:21 GMT" time="0.007" errors="0">
  <testcase name="f" time="0.007" classname="com.test.Assert"/>
</testsuite> <!-- com.test.Assert -->
