<?xml version="1.0" encoding="UTF-8"?>
<!-- Generated by org.testng.reporters.JUnitReportReporter -->
<testsuite skipped="0" hostname="BDC6-DX-J0G2T72" name="com.test.NewTest" tests="3" failures="0" timestamp="23 Jul 2019 06:56:33 GMT" time="0.031" errors="0">
  <testcase name="Register" time="0.025" classname="com.test.NewTest"/>
  <testcase name="Login" time="0.003" classname="com.test.NewTest"/>
  <testcase name="Logout" time="0.003" classname="com.test.NewTest"/>
</testsuite> <!-- com.test.NewTest -->
