<?xml version="1.0" encoding="UTF-8"?>
<!-- Generated by org.testng.reporters.JUnitReportReporter -->
<testsuite skipped="0" hostname="BDC6-DX-J0G2T72" name="com.test.testme" tests="1" failures="0" timestamp="23 Jul 2019 06:59:36 GMT" time="15.082" errors="0">
  <testcase name="f" time="15.082" classname="com.test.testme"/>
</testsuite> <!-- com.test.testme -->
